<?xml version="1.0" encoding="UTF-8"?>
<testsuites name="TS 01" time="5.212" tests="1" failures="0" errors="0">
   <testsuite name="TS 01" tests="1" failures="0" errors="0" time="5.212" skipped="0" timestamp="06-07-2024T10:15:49" hostname="ACER - host.docker.internal" id="Test Suites/TS 01">
      <properties>
         <property name="deviceName" value=""/>
         <property name="devicePlatform"/>
         <property name="logFolder" value="D:\\katalon\\katalon-cert\\Reports\\20240706_101545\\TS 01\\20240706_101545"/>
         <property name="logFiles" value="D:\\katalon\\katalon-cert\\Reports\\20240706_101545\\TS 01\\20240706_101545\\execution0.log"/>
         <property name="attachments" value=""/>
         <property name="hostName" value="ACER - host.docker.internal"/>
         <property name="os" value="Windows 10 64bit"/>
         <property name="katalonVersion" value="9.6.0.217"/>
         <property name="browser" value="Chrome 126.0.0.0"/>
         <property name="hostAddress" value="192.168.1.61"/>
         <property name="sessionId" value="52ed97895186b1860a8cbcfb39281a91"/>
         <property name="seleniumVersion" value="3.141.59"/>
         <property name="proxyInformation" value="ProxyInformation { proxyOption=NO_PROXY, proxyServerType=HTTP, username=, password=********, proxyServerAddress=, proxyServerPort=0, executionList=&quot;&quot;, isApplyToDesiredCapabilities=true }"/>
         <property name="platform" value="Windows 10"/>
      </properties>
      <testcase name="Test Cases/WEB/TC01" time="4.986" classname="Test Cases/WEB/TC01" status="PASSED">
         <system-out><![CDATA[06-07-2024T10:15:49 - [TEST_CASE][PASSED] - Test Cases/WEB/TC01: Test Cases/WEB/TC01

06-07-2024T10:15:50 - [TEST_STEP][PASSED] - openBrowser(""): Browser is opened with url: ''

06-07-2024T10:15:50 - [MESSAGE][INFO] - Starting 'Chrome' driver

06-07-2024T10:15:50 - [MESSAGE][INFO] - Action delay is set to 0 milliseconds

06-07-2024T10:15:52 - [MESSAGE][PASSED] - Browser is opened with url: ''

06-07-2024T10:15:52 - [TEST_STEP][PASSED] - navigateToUrl("https://katalon-demo-cura.herokuapp.com/"): Navigate to 'https://katalon-demo-cura.herokuapp.com/' successfully

06-07-2024T10:15:54 - [MESSAGE][PASSED] - Navigate to 'https://katalon-demo-cura.herokuapp.com/' successfully

06-07-2024T10:15:54 - [TEST_STEP][PASSED] - closeBrowser(): Browser is closed

06-07-2024T10:15:54 - [MESSAGE][PASSED] - Browser is closed]]></system-out>
         <system-err><![CDATA[]]></system-err>
      </testcase>
      <system-out><![CDATA[06-07-2024T10:15:49 - [TEST_SUITE][PASSED] - TS 01: Test Cases/WEB/TC01]]></system-out>
      <system-err><![CDATA[]]></system-err>
   </testsuite>
</testsuites>
